Copyright 1986-2022 Xilinx, Inc. All Rights Reserved. Copyright 2022-2024 Advanced Micro Devices, Inc. All Rights Reserved.
--------------------------------------------------------------------------------------------------------------------------------------------------------------
| Tool Version : Vivado v.2024.1 (win64) Build 5076996 Wed May 22 18:37:14 MDT 2024
| Date         : Mon Sep 30 21:06:44 2024
| Host         : DESKTOP-P2P8PNM running 64-bit major release  (build 9200)
| Command      : report_methodology -file lab2_top_methodology_drc_routed.rpt -pb lab2_top_methodology_drc_routed.pb -rpx lab2_top_methodology_drc_routed.rpx
| Design       : lab2_top
| Device       : xc7s50csga324-1
| Speed File   : -1
| Design State : Fully Routed
--------------------------------------------------------------------------------------------------------------------------------------------------------------

Report Methodology

Table of Contents
-----------------
1. REPORT SUMMARY
2. REPORT DETAILS

1. REPORT SUMMARY
-----------------
            Netlist: netlist
          Floorplan: design_1
      Design limits: <entire design considered>
             Max violations: <unlimited>
             Violations found: 44
+-----------+------------------+------------------------------------------+------------+
| Rule      | Severity         | Description                              | Violations |
+-----------+------------------+------------------------------------------+------------+
| TIMING-17 | Critical Warning | Non-clocked sequential cell              | 23         |
| XDCH-2    | Warning          | Same min and max delay values on IO port | 21         |
+-----------+------------------+------------------------------------------+------------+

2. REPORT DETAILS
-----------------
TIMING-17#1 Critical Warning
Non-clocked sequential cell  
The clock pin LFSR/q_reg[0]/C is not reached by a timing clock
Related violations: <none>

TIMING-17#2 Critical Warning
Non-clocked sequential cell  
The clock pin LFSR/q_reg[1]/C is not reached by a timing clock
Related violations: <none>

TIMING-17#3 Critical Warning
Non-clocked sequential cell  
The clock pin LFSR/q_reg[2]/C is not reached by a timing clock
Related violations: <none>

TIMING-17#4 Critical Warning
Non-clocked sequential cell  
The clock pin LFSR/q_reg[3]/C is not reached by a timing clock
Related violations: <none>

TIMING-17#5 Critical Warning
Non-clocked sequential cell  
The clock pin LFSR/q_reg[3]_lopt_replica/C is not reached by a timing clock
Related violations: <none>

TIMING-17#6 Critical Warning
Non-clocked sequential cell  
The clock pin LFSR/q_reg[4]/C is not reached by a timing clock
Related violations: <none>

TIMING-17#7 Critical Warning
Non-clocked sequential cell  
The clock pin LFSR/q_reg[4]_lopt_replica/C is not reached by a timing clock
Related violations: <none>

TIMING-17#8 Critical Warning
Non-clocked sequential cell  
The clock pin LFSR/q_reg[5]/C is not reached by a timing clock
Related violations: <none>

TIMING-17#9 Critical Warning
Non-clocked sequential cell  
The clock pin LFSR/q_reg[5]_lopt_replica/C is not reached by a timing clock
Related violations: <none>

TIMING-17#10 Critical Warning
Non-clocked sequential cell  
The clock pin LFSR/q_reg[6]/C is not reached by a timing clock
Related violations: <none>

TIMING-17#11 Critical Warning
Non-clocked sequential cell  
The clock pin LFSR/q_reg[6]_lopt_replica/C is not reached by a timing clock
Related violations: <none>

TIMING-17#12 Critical Warning
Non-clocked sequential cell  
The clock pin LFSR/q_reg[7]/C is not reached by a timing clock
Related violations: <none>

TIMING-17#13 Critical Warning
Non-clocked sequential cell  
The clock pin LFSR/q_reg[7]_lopt_replica/C is not reached by a timing clock
Related violations: <none>

TIMING-17#14 Critical Warning
Non-clocked sequential cell  
The clock pin display/anode_reg[0]/C is not reached by a timing clock
Related violations: <none>

TIMING-17#15 Critical Warning
Non-clocked sequential cell  
The clock pin display/anode_reg[1]/C is not reached by a timing clock
Related violations: <none>

TIMING-17#16 Critical Warning
Non-clocked sequential cell  
The clock pin display/cathode_reg[0]/C is not reached by a timing clock
Related violations: <none>

TIMING-17#17 Critical Warning
Non-clocked sequential cell  
The clock pin display/cathode_reg[1]/C is not reached by a timing clock
Related violations: <none>

TIMING-17#18 Critical Warning
Non-clocked sequential cell  
The clock pin display/cathode_reg[2]/C is not reached by a timing clock
Related violations: <none>

TIMING-17#19 Critical Warning
Non-clocked sequential cell  
The clock pin display/cathode_reg[3]/C is not reached by a timing clock
Related violations: <none>

TIMING-17#20 Critical Warning
Non-clocked sequential cell  
The clock pin display/cathode_reg[4]/C is not reached by a timing clock
Related violations: <none>

TIMING-17#21 Critical Warning
Non-clocked sequential cell  
The clock pin display/cathode_reg[5]/C is not reached by a timing clock
Related violations: <none>

TIMING-17#22 Critical Warning
Non-clocked sequential cell  
The clock pin display/cathode_reg[6]/C is not reached by a timing clock
Related violations: <none>

TIMING-17#23 Critical Warning
Non-clocked sequential cell  
The clock pin display/digit_reg/C is not reached by a timing clock
Related violations: <none>

XDCH-2#1 Warning
Same min and max delay values on IO port  
The same input delay of 0.000 ns has been defined on port 'clk' relative to clock clk for both max and min. Make sure this reflects the design intent.
set_input_delay -clock clk -add_delay 0.000 [get_ports -filter { NAME =~  "*" && DIRECTION == "IN" }]
C:/Users/gahym/EE4301_Labs/lab02/lab02.srcs/constrs_1/imports/Lab02/lab2.xdc (Line: 45)
Related violations: <none>

XDCH-2#2 Warning
Same min and max delay values on IO port  
The same input delay of 0.000 ns has been defined on port 'rst' relative to clock clk for both max and min. Make sure this reflects the design intent.
set_input_delay -clock clk -add_delay 0.000 [get_ports -filter { NAME =~  "*" && DIRECTION == "IN" }]
C:/Users/gahym/EE4301_Labs/lab02/lab02.srcs/constrs_1/imports/Lab02/lab2.xdc (Line: 45)
Related violations: <none>

XDCH-2#3 Warning
Same min and max delay values on IO port  
The same output delay of 0.000 ns has been defined on port 'anode[0]' relative to clock clk for both max and min. Make sure this reflects the design intent.
set_output_delay -clock clk -add_delay 0.000 [get_ports -filter { NAME =~  "*" && DIRECTION == "OUT" }]
C:/Users/gahym/EE4301_Labs/lab02/lab02.srcs/constrs_1/imports/Lab02/lab2.xdc (Line: 46)
Related violations: <none>

XDCH-2#4 Warning
Same min and max delay values on IO port  
The same output delay of 0.000 ns has been defined on port 'anode[1]' relative to clock clk for both max and min. Make sure this reflects the design intent.
set_output_delay -clock clk -add_delay 0.000 [get_ports -filter { NAME =~  "*" && DIRECTION == "OUT" }]
C:/Users/gahym/EE4301_Labs/lab02/lab02.srcs/constrs_1/imports/Lab02/lab2.xdc (Line: 46)
Related violations: <none>

XDCH-2#5 Warning
Same min and max delay values on IO port  
The same output delay of 0.000 ns has been defined on port 'anode[2]' relative to clock clk for both max and min. Make sure this reflects the design intent.
set_output_delay -clock clk -add_delay 0.000 [get_ports -filter { NAME =~  "*" && DIRECTION == "OUT" }]
C:/Users/gahym/EE4301_Labs/lab02/lab02.srcs/constrs_1/imports/Lab02/lab2.xdc (Line: 46)
Related violations: <none>

XDCH-2#6 Warning
Same min and max delay values on IO port  
The same output delay of 0.000 ns has been defined on port 'anode[3]' relative to clock clk for both max and min. Make sure this reflects the design intent.
set_output_delay -clock clk -add_delay 0.000 [get_ports -filter { NAME =~  "*" && DIRECTION == "OUT" }]
C:/Users/gahym/EE4301_Labs/lab02/lab02.srcs/constrs_1/imports/Lab02/lab2.xdc (Line: 46)
Related violations: <none>

XDCH-2#7 Warning
Same min and max delay values on IO port  
The same output delay of 0.000 ns has been defined on port 'cathode[0]' relative to clock clk for both max and min. Make sure this reflects the design intent.
set_output_delay -clock clk -add_delay 0.000 [get_ports -filter { NAME =~  "*" && DIRECTION == "OUT" }]
C:/Users/gahym/EE4301_Labs/lab02/lab02.srcs/constrs_1/imports/Lab02/lab2.xdc (Line: 46)
Related violations: <none>

XDCH-2#8 Warning
Same min and max delay values on IO port  
The same output delay of 0.000 ns has been defined on port 'cathode[1]' relative to clock clk for both max and min. Make sure this reflects the design intent.
set_output_delay -clock clk -add_delay 0.000 [get_ports -filter { NAME =~  "*" && DIRECTION == "OUT" }]
C:/Users/gahym/EE4301_Labs/lab02/lab02.srcs/constrs_1/imports/Lab02/lab2.xdc (Line: 46)
Related violations: <none>

XDCH-2#9 Warning
Same min and max delay values on IO port  
The same output delay of 0.000 ns has been defined on port 'cathode[2]' relative to clock clk for both max and min. Make sure this reflects the design intent.
set_output_delay -clock clk -add_delay 0.000 [get_ports -filter { NAME =~  "*" && DIRECTION == "OUT" }]
C:/Users/gahym/EE4301_Labs/lab02/lab02.srcs/constrs_1/imports/Lab02/lab2.xdc (Line: 46)
Related violations: <none>

XDCH-2#10 Warning
Same min and max delay values on IO port  
The same output delay of 0.000 ns has been defined on port 'cathode[3]' relative to clock clk for both max and min. Make sure this reflects the design intent.
set_output_delay -clock clk -add_delay 0.000 [get_ports -filter { NAME =~  "*" && DIRECTION == "OUT" }]
C:/Users/gahym/EE4301_Labs/lab02/lab02.srcs/constrs_1/imports/Lab02/lab2.xdc (Line: 46)
Related violations: <none>

XDCH-2#11 Warning
Same min and max delay values on IO port  
The same output delay of 0.000 ns has been defined on port 'cathode[4]' relative to clock clk for both max and min. Make sure this reflects the design intent.
set_output_delay -clock clk -add_delay 0.000 [get_ports -filter { NAME =~  "*" && DIRECTION == "OUT" }]
C:/Users/gahym/EE4301_Labs/lab02/lab02.srcs/constrs_1/imports/Lab02/lab2.xdc (Line: 46)
Related violations: <none>

XDCH-2#12 Warning
Same min and max delay values on IO port  
The same output delay of 0.000 ns has been defined on port 'cathode[5]' relative to clock clk for both max and min. Make sure this reflects the design intent.
set_output_delay -clock clk -add_delay 0.000 [get_ports -filter { NAME =~  "*" && DIRECTION == "OUT" }]
C:/Users/gahym/EE4301_Labs/lab02/lab02.srcs/constrs_1/imports/Lab02/lab2.xdc (Line: 46)
Related violations: <none>

XDCH-2#13 Warning
Same min and max delay values on IO port  
The same output delay of 0.000 ns has been defined on port 'cathode[6]' relative to clock clk for both max and min. Make sure this reflects the design intent.
set_output_delay -clock clk -add_delay 0.000 [get_ports -filter { NAME =~  "*" && DIRECTION == "OUT" }]
C:/Users/gahym/EE4301_Labs/lab02/lab02.srcs/constrs_1/imports/Lab02/lab2.xdc (Line: 46)
Related violations: <none>

XDCH-2#14 Warning
Same min and max delay values on IO port  
The same output delay of 0.000 ns has been defined on port 'q[0]' relative to clock clk for both max and min. Make sure this reflects the design intent.
set_output_delay -clock clk -add_delay 0.000 [get_ports -filter { NAME =~  "*" && DIRECTION == "OUT" }]
C:/Users/gahym/EE4301_Labs/lab02/lab02.srcs/constrs_1/imports/Lab02/lab2.xdc (Line: 46)
Related violations: <none>

XDCH-2#15 Warning
Same min and max delay values on IO port  
The same output delay of 0.000 ns has been defined on port 'q[1]' relative to clock clk for both max and min. Make sure this reflects the design intent.
set_output_delay -clock clk -add_delay 0.000 [get_ports -filter { NAME =~  "*" && DIRECTION == "OUT" }]
C:/Users/gahym/EE4301_Labs/lab02/lab02.srcs/constrs_1/imports/Lab02/lab2.xdc (Line: 46)
Related violations: <none>

XDCH-2#16 Warning
Same min and max delay values on IO port  
The same output delay of 0.000 ns has been defined on port 'q[2]' relative to clock clk for both max and min. Make sure this reflects the design intent.
set_output_delay -clock clk -add_delay 0.000 [get_ports -filter { NAME =~  "*" && DIRECTION == "OUT" }]
C:/Users/gahym/EE4301_Labs/lab02/lab02.srcs/constrs_1/imports/Lab02/lab2.xdc (Line: 46)
Related violations: <none>

XDCH-2#17 Warning
Same min and max delay values on IO port  
The same output delay of 0.000 ns has been defined on port 'q[3]' relative to clock clk for both max and min. Make sure this reflects the design intent.
set_output_delay -clock clk -add_delay 0.000 [get_ports -filter { NAME =~  "*" && DIRECTION == "OUT" }]
C:/Users/gahym/EE4301_Labs/lab02/lab02.srcs/constrs_1/imports/Lab02/lab2.xdc (Line: 46)
Related violations: <none>

XDCH-2#18 Warning
Same min and max delay values on IO port  
The same output delay of 0.000 ns has been defined on port 'q[4]' relative to clock clk for both max and min. Make sure this reflects the design intent.
set_output_delay -clock clk -add_delay 0.000 [get_ports -filter { NAME =~  "*" && DIRECTION == "OUT" }]
C:/Users/gahym/EE4301_Labs/lab02/lab02.srcs/constrs_1/imports/Lab02/lab2.xdc (Line: 46)
Related violations: <none>

XDCH-2#19 Warning
Same min and max delay values on IO port  
The same output delay of 0.000 ns has been defined on port 'q[5]' relative to clock clk for both max and min. Make sure this reflects the design intent.
set_output_delay -clock clk -add_delay 0.000 [get_ports -filter { NAME =~  "*" && DIRECTION == "OUT" }]
C:/Users/gahym/EE4301_Labs/lab02/lab02.srcs/constrs_1/imports/Lab02/lab2.xdc (Line: 46)
Related violations: <none>

XDCH-2#20 Warning
Same min and max delay values on IO port  
The same output delay of 0.000 ns has been defined on port 'q[6]' relative to clock clk for both max and min. Make sure this reflects the design intent.
set_output_delay -clock clk -add_delay 0.000 [get_ports -filter { NAME =~  "*" && DIRECTION == "OUT" }]
C:/Users/gahym/EE4301_Labs/lab02/lab02.srcs/constrs_1/imports/Lab02/lab2.xdc (Line: 46)
Related violations: <none>

XDCH-2#21 Warning
Same min and max delay values on IO port  
The same output delay of 0.000 ns has been defined on port 'q[7]' relative to clock clk for both max and min. Make sure this reflects the design intent.
set_output_delay -clock clk -add_delay 0.000 [get_ports -filter { NAME =~  "*" && DIRECTION == "OUT" }]
C:/Users/gahym/EE4301_Labs/lab02/lab02.srcs/constrs_1/imports/Lab02/lab2.xdc (Line: 46)
Related violations: <none>


