
*** Running vivado
    with args -log Lab05_Top.vds -m64 -product Vivado -mode batch -messageDb vivado.pb -notrace -source Lab05_Top.tcl



****** Vivado v2024.1 (64-bit)
  **** SW Build 5076996 on Wed May 22 18:37:14 MDT 2024
  **** IP Build 5075265 on Wed May 22 21:45:21 MDT 2024
  **** SharedData Build 5076995 on Wed May 22 18:29:18 MDT 2024
  **** Start of session at: Mon Nov 18 10:27:02 2024
    ** Copyright 1986-2022 Xilinx, Inc. All Rights Reserved.
    ** Copyright 2022-2024 Advanced Micro Devices, Inc. All Rights Reserved.

source Lab05_Top.tcl -notrace
create_project: Time (s): cpu = 00:00:04 ; elapsed = 00:00:08 . Memory (MB): peak = 529.660 ; gain = 201.207
Command: read_checkpoint -auto_incremental -incremental C:/Users/gahym/EE4301_Labs/lab05/lab05.srcs/utils_1/imports/synth_1/Lab05_Top.dcp
INFO: [Vivado 12-5825] Read reference checkpoint from C:/Users/gahym/EE4301_Labs/lab05/lab05.srcs/utils_1/imports/synth_1/Lab05_Top.dcp for incremental synthesis
INFO: [Vivado 12-7989] Please ensure there are no constraint changes
Command: synth_design -top Lab05_Top -part xc7s50csga324-1
Starting synth_design
Attempting to get a license for feature 'Synthesis' and/or device 'xc7s50'
INFO: [Common 17-349] Got license for feature 'Synthesis' and/or device 'xc7s50'
INFO: [Device 21-403] Loading part xc7s50csga324-1
INFO: [Device 21-9227] Part: xc7s50csga324-1 does not have CEAM library.
INFO: [Designutils 20-5440] No compile time benefit to using incremental synthesis; A full resynthesis will be run
INFO: [Designutils 20-4379] Flow is switching to default flow due to incremental criteria not met. If you would like to alter this behaviour and have the flow terminate instead, please set the following parameter config_implementation {autoIncr.Synth.RejectBehavior Terminate}
INFO: [Synth 8-7079] Multithreading enabled for synth_design using a maximum of 2 processes.
INFO: [Synth 8-7078] Launching helper process for spawning children vivado processes
INFO: [Synth 8-7075] Helper process launched with PID 1520
---------------------------------------------------------------------------------
Starting RTL Elaboration : Time (s): cpu = 00:00:04 ; elapsed = 00:00:08 . Memory (MB): peak = 1378.980 ; gain = 449.066
---------------------------------------------------------------------------------
WARNING: [Synth 8-6901] identifier 'n' is used before its declaration [C:/Users/gahym/EE4301_Labs/lab05/lab05.srcs/sources_1/new/Lab05_Top.v:154]
WARNING: [Synth 8-6901] identifier 'n' is used before its declaration [C:/Users/gahym/EE4301_Labs/lab05/lab05.srcs/sources_1/new/Lab05_Top.v:155]
WARNING: [Synth 8-6901] identifier 'n' is used before its declaration [C:/Users/gahym/EE4301_Labs/lab05/lab05.srcs/sources_1/new/Lab05_Top.v:156]
WARNING: [Synth 8-6901] identifier 'n' is used before its declaration [C:/Users/gahym/EE4301_Labs/lab05/lab05.srcs/sources_1/new/Lab05_Top.v:187]
WARNING: [Synth 8-6901] identifier 'n' is used before its declaration [C:/Users/gahym/EE4301_Labs/lab05/lab05.srcs/sources_1/new/Lab05_Top.v:188]
WARNING: [Synth 8-6901] identifier 'n' is used before its declaration [C:/Users/gahym/EE4301_Labs/lab05/lab05.srcs/sources_1/new/Lab05_Top.v:189]
WARNING: [Synth 8-9400] empty statement in sequential block [C:/Users/gahym/EE4301_Labs/lab05/lab05.srcs/sources_1/new/Lab05_Top.v:227]
INFO: [Synth 8-6157] synthesizing module 'Lab05_Top' [C:/Users/gahym/EE4301_Labs/lab05/lab05.srcs/sources_1/new/Lab05_Top.v:23]
INFO: [Synth 8-6157] synthesizing module 'ProgramCounter' [C:/Users/gahym/EE4301_Labs/lab05/lab05.srcs/sources_1/new/Lab05_Top.v:165]
INFO: [Synth 8-6155] done synthesizing module 'ProgramCounter' (0#1) [C:/Users/gahym/EE4301_Labs/lab05/lab05.srcs/sources_1/new/Lab05_Top.v:165]
INFO: [Synth 8-6157] synthesizing module 'Multiplexor' [C:/Users/gahym/EE4301_Labs/lab05/lab05.srcs/sources_1/new/Lab05_Top.v:186]
	Parameter n bound to: 8 - type: integer 
INFO: [Synth 8-6155] done synthesizing module 'Multiplexor' (0#1) [C:/Users/gahym/EE4301_Labs/lab05/lab05.srcs/sources_1/new/Lab05_Top.v:186]
INFO: [Synth 8-6157] synthesizing module 'Adder' [C:/Users/gahym/EE4301_Labs/lab05/lab05.srcs/sources_1/new/Lab05_Top.v:153]
INFO: [Synth 8-6155] done synthesizing module 'Adder' (0#1) [C:/Users/gahym/EE4301_Labs/lab05/lab05.srcs/sources_1/new/Lab05_Top.v:153]
WARNING: [Synth 8-689] width (32) of port connection 'in1' does not match port width (8) of module 'Adder' [C:/Users/gahym/EE4301_Labs/lab05/lab05.srcs/sources_1/new/Lab05_Top.v:66]
INFO: [Synth 8-6157] synthesizing module 'instructionMemory' [C:/Users/gahym/EE4301_Labs/lab05/lab05.srcs/sources_1/new/Lab05_Top.v:401]
INFO: [Synth 8-6155] done synthesizing module 'instructionMemory' (0#1) [C:/Users/gahym/EE4301_Labs/lab05/lab05.srcs/sources_1/new/Lab05_Top.v:401]
INFO: [Synth 8-6157] synthesizing module 'Registers' [C:/Users/gahym/EE4301_Labs/lab05/lab05.srcs/sources_1/new/Lab05_Top.v:322]
INFO: [Synth 8-6155] done synthesizing module 'Registers' (0#1) [C:/Users/gahym/EE4301_Labs/lab05/lab05.srcs/sources_1/new/Lab05_Top.v:322]
INFO: [Synth 8-6157] synthesizing module 'ImmediateGenerator' [C:/Users/gahym/EE4301_Labs/lab05/lab05.srcs/sources_1/new/Lab05_Top.v:199]
INFO: [Synth 8-6155] done synthesizing module 'ImmediateGenerator' (0#1) [C:/Users/gahym/EE4301_Labs/lab05/lab05.srcs/sources_1/new/Lab05_Top.v:199]
INFO: [Synth 8-6157] synthesizing module 'Multiplexor__parameterized0' [C:/Users/gahym/EE4301_Labs/lab05/lab05.srcs/sources_1/new/Lab05_Top.v:186]
	Parameter n bound to: 32 - type: integer 
INFO: [Synth 8-6155] done synthesizing module 'Multiplexor__parameterized0' (0#1) [C:/Users/gahym/EE4301_Labs/lab05/lab05.srcs/sources_1/new/Lab05_Top.v:186]
INFO: [Synth 8-6157] synthesizing module 'Controller' [C:/Users/gahym/EE4301_Labs/lab05/lab05.srcs/sources_1/new/Lab05_Top.v:80]
INFO: [Synth 8-6155] done synthesizing module 'Controller' (0#1) [C:/Users/gahym/EE4301_Labs/lab05/lab05.srcs/sources_1/new/Lab05_Top.v:80]
INFO: [Synth 8-6157] synthesizing module 'ALU_Controller' [C:/Users/gahym/EE4301_Labs/lab05/lab05.srcs/sources_1/new/Lab05_Top.v:239]
INFO: [Synth 8-6155] done synthesizing module 'ALU_Controller' (0#1) [C:/Users/gahym/EE4301_Labs/lab05/lab05.srcs/sources_1/new/Lab05_Top.v:239]
INFO: [Synth 8-6157] synthesizing module 'ALU_Unit' [C:/Users/gahym/EE4301_Labs/lab05/lab05.srcs/sources_1/new/Lab05_Top.v:284]
INFO: [Synth 8-6155] done synthesizing module 'ALU_Unit' (0#1) [C:/Users/gahym/EE4301_Labs/lab05/lab05.srcs/sources_1/new/Lab05_Top.v:284]
INFO: [Synth 8-6157] synthesizing module 'DataMemory' [C:/Users/gahym/EE4301_Labs/lab05/lab05.srcs/sources_1/new/Lab05_Top.v:358]
INFO: [Synth 8-6155] done synthesizing module 'DataMemory' (0#1) [C:/Users/gahym/EE4301_Labs/lab05/lab05.srcs/sources_1/new/Lab05_Top.v:358]
WARNING: [Synth 8-689] width (32) of port connection 'address' does not match port width (8) of module 'DataMemory' [C:/Users/gahym/EE4301_Labs/lab05/lab05.srcs/sources_1/new/Lab05_Top.v:75]
INFO: [Synth 8-6155] done synthesizing module 'Lab05_Top' (0#1) [C:/Users/gahym/EE4301_Labs/lab05/lab05.srcs/sources_1/new/Lab05_Top.v:23]
WARNING: [Synth 8-4767] Trying to implement RAM 'dataMem_reg' in registers. Block RAM or DRAM implementation is not possible; see log for reasons.
Reason is one or more of the following :
	1: RAM has multiple writes via different ports in same process. If RAM inferencing intended, write to one port per process. 
	2: Unable to determine number of words or word size in RAM. 
	3: No valid read/write found for RAM. 
RAM "dataMem_reg" dissolved into registers
WARNING: [Synth 8-7129] Port clk in module Lab05_Top is either unconnected or has no load
---------------------------------------------------------------------------------
Finished RTL Elaboration : Time (s): cpu = 00:00:07 ; elapsed = 00:00:12 . Memory (MB): peak = 1550.195 ; gain = 620.281
---------------------------------------------------------------------------------
---------------------------------------------------------------------------------
Start Handling Custom Attributes
---------------------------------------------------------------------------------
---------------------------------------------------------------------------------
Finished Handling Custom Attributes : Time (s): cpu = 00:00:07 ; elapsed = 00:00:13 . Memory (MB): peak = 1550.195 ; gain = 620.281
---------------------------------------------------------------------------------
---------------------------------------------------------------------------------
Finished RTL Optimization Phase 1 : Time (s): cpu = 00:00:07 ; elapsed = 00:00:13 . Memory (MB): peak = 1550.195 ; gain = 620.281
---------------------------------------------------------------------------------
Netlist sorting complete. Time (s): cpu = 00:00:00 ; elapsed = 00:00:00.113 . Memory (MB): peak = 1550.195 ; gain = 0.000
INFO: [Project 1-570] Preparing netlist for logic optimization

Processing XDC Constraints
Initializing timing engine
Parsing XDC File [C:/Users/gahym/EE4301_Labs/lab05/lab05.srcs/constrs_1/imports/Lab/boolean.xdc]
WARNING: [Vivado 12-507] No nets matched 'PCIncrement_IBUF'. [C:/Users/gahym/EE4301_Labs/lab05/lab05.srcs/constrs_1/imports/Lab/boolean.xdc:10]
CRITICAL WARNING: [Common 17-163] Missing value for option 'objects', please type 'set_property -help' for usage info. [C:/Users/gahym/EE4301_Labs/lab05/lab05.srcs/constrs_1/imports/Lab/boolean.xdc:10]
Finished Parsing XDC File [C:/Users/gahym/EE4301_Labs/lab05/lab05.srcs/constrs_1/imports/Lab/boolean.xdc]
INFO: [Project 1-236] Implementation specific constraints were found while reading constraint file [C:/Users/gahym/EE4301_Labs/lab05/lab05.srcs/constrs_1/imports/Lab/boolean.xdc]. These constraints will be ignored for synthesis but will be used in implementation. Impacted constraints are listed in the file [.Xil/Lab05_Top_propImpl.xdc].
Resolution: To avoid this warning, move constraints listed in [.Xil/Lab05_Top_propImpl.xdc] to another XDC file and exclude this new file from synthesis with the used_in_synthesis property (File Properties dialog in GUI) and re-run elaboration/synthesis.
Completed Processing XDC Constraints

Netlist sorting complete. Time (s): cpu = 00:00:00 ; elapsed = 00:00:00.002 . Memory (MB): peak = 1644.133 ; gain = 0.000
INFO: [Project 1-111] Unisim Transformation Summary:
No Unisim elements were transformed.

Constraint Validation Runtime : Time (s): cpu = 00:00:00 ; elapsed = 00:00:00.036 . Memory (MB): peak = 1644.133 ; gain = 0.000
INFO: [Designutils 20-5440] No compile time benefit to using incremental synthesis; A full resynthesis will be run
INFO: [Designutils 20-4379] Flow is switching to default flow due to incremental criteria not met. If you would like to alter this behaviour and have the flow terminate instead, please set the following parameter config_implementation {autoIncr.Synth.RejectBehavior Terminate}
---------------------------------------------------------------------------------
Finished Constraint Validation : Time (s): cpu = 00:00:14 ; elapsed = 00:00:24 . Memory (MB): peak = 1644.133 ; gain = 714.219
---------------------------------------------------------------------------------
---------------------------------------------------------------------------------
Start Loading Part and Timing Information
---------------------------------------------------------------------------------
Loading part: xc7s50csga324-1
---------------------------------------------------------------------------------
Finished Loading Part and Timing Information : Time (s): cpu = 00:00:14 ; elapsed = 00:00:24 . Memory (MB): peak = 1644.133 ; gain = 714.219
---------------------------------------------------------------------------------
---------------------------------------------------------------------------------
Start Applying 'set_property' XDC Constraints
---------------------------------------------------------------------------------
---------------------------------------------------------------------------------
Finished applying 'set_property' XDC Constraints : Time (s): cpu = 00:00:14 ; elapsed = 00:00:24 . Memory (MB): peak = 1644.133 ; gain = 714.219
---------------------------------------------------------------------------------
WARNING: [Synth 8-327] inferring latch for variable 'immediate_reg' [C:/Users/gahym/EE4301_Labs/lab05/lab05.srcs/sources_1/new/Lab05_Top.v:207]
WARNING: [Synth 8-327] inferring latch for variable 'Branch_reg' [C:/Users/gahym/EE4301_Labs/lab05/lab05.srcs/sources_1/new/Lab05_Top.v:94]
WARNING: [Synth 8-327] inferring latch for variable 'MemRead_reg' [C:/Users/gahym/EE4301_Labs/lab05/lab05.srcs/sources_1/new/Lab05_Top.v:95]
WARNING: [Synth 8-327] inferring latch for variable 'ALUOp1_reg' [C:/Users/gahym/EE4301_Labs/lab05/lab05.srcs/sources_1/new/Lab05_Top.v:97]
WARNING: [Synth 8-327] inferring latch for variable 'MemWrite_reg' [C:/Users/gahym/EE4301_Labs/lab05/lab05.srcs/sources_1/new/Lab05_Top.v:99]
WARNING: [Synth 8-327] inferring latch for variable 'ALUSrc_reg' [C:/Users/gahym/EE4301_Labs/lab05/lab05.srcs/sources_1/new/Lab05_Top.v:100]
WARNING: [Synth 8-327] inferring latch for variable 'RegWrite_reg' [C:/Users/gahym/EE4301_Labs/lab05/lab05.srcs/sources_1/new/Lab05_Top.v:101]
WARNING: [Synth 8-327] inferring latch for variable 'ALUOpOut_reg' [C:/Users/gahym/EE4301_Labs/lab05/lab05.srcs/sources_1/new/Lab05_Top.v:251]
WARNING: [Synth 8-327] inferring latch for variable 'zero_reg' [C:/Users/gahym/EE4301_Labs/lab05/lab05.srcs/sources_1/new/Lab05_Top.v:296]
WARNING: [Synth 8-327] inferring latch for variable 'ALUOut_reg' [C:/Users/gahym/EE4301_Labs/lab05/lab05.srcs/sources_1/new/Lab05_Top.v:295]
---------------------------------------------------------------------------------
Finished RTL Optimization Phase 2 : Time (s): cpu = 00:00:16 ; elapsed = 00:00:27 . Memory (MB): peak = 1644.133 ; gain = 714.219
---------------------------------------------------------------------------------
---------------------------------------------------------------------------------
Start RTL Component Statistics 
---------------------------------------------------------------------------------
Detailed RTL Component Info : 
+---Adders : 
	   3 Input   32 Bit       Adders := 1     
	   2 Input    8 Bit       Adders := 2     
+---Registers : 
	               32 Bit    Registers := 32    
	                8 Bit    Registers := 257   
+---Muxes : 
	   2 Input   32 Bit        Muxes := 2     
	   2 Input    8 Bit        Muxes := 253   
	 257 Input    8 Bit        Muxes := 4     
	   4 Input    8 Bit        Muxes := 128   
	   4 Input    2 Bit        Muxes := 1     
	   2 Input    1 Bit        Muxes := 288   
	   4 Input    1 Bit        Muxes := 65    
	   3 Input    1 Bit        Muxes := 1     
	   5 Input    1 Bit        Muxes := 180   
---------------------------------------------------------------------------------
Finished RTL Component Statistics 
---------------------------------------------------------------------------------
---------------------------------------------------------------------------------
Start Part Resource Summary
---------------------------------------------------------------------------------
Part Resources:
DSPs: 120 (col length:60)
BRAMs: 150 (col length: RAMB18 60 RAMB36 30)
---------------------------------------------------------------------------------
Finished Part Resource Summary
---------------------------------------------------------------------------------
---------------------------------------------------------------------------------
Start Cross Boundary and Area Optimization
---------------------------------------------------------------------------------
WARNING: [Synth 8-7080] Parallel synthesis criteria is not met
WARNING: [Synth 8-7129] Port clk in module Lab05_Top is either unconnected or has no load
WARNING: [Synth 8-3332] Sequential element (AluCtrl/ALUOpOut_reg[4]) is unused and will be removed from module Lab05_Top.
---------------------------------------------------------------------------------
Finished Cross Boundary and Area Optimization : Time (s): cpu = 00:00:24 ; elapsed = 00:00:43 . Memory (MB): peak = 1644.133 ; gain = 714.219
---------------------------------------------------------------------------------
---------------------------------------------------------------------------------
Start Applying XDC Timing Constraints
---------------------------------------------------------------------------------
---------------------------------------------------------------------------------
Finished Applying XDC Timing Constraints : Time (s): cpu = 00:00:29 ; elapsed = 00:00:51 . Memory (MB): peak = 1644.133 ; gain = 714.219
---------------------------------------------------------------------------------
---------------------------------------------------------------------------------
Start Timing Optimization
---------------------------------------------------------------------------------
---------------------------------------------------------------------------------
Finished Timing Optimization : Time (s): cpu = 00:00:30 ; elapsed = 00:00:51 . Memory (MB): peak = 1644.133 ; gain = 714.219
---------------------------------------------------------------------------------
---------------------------------------------------------------------------------
Start Technology Mapping
---------------------------------------------------------------------------------
---------------------------------------------------------------------------------
Finished Technology Mapping : Time (s): cpu = 00:00:32 ; elapsed = 00:00:55 . Memory (MB): peak = 1646.152 ; gain = 716.238
---------------------------------------------------------------------------------
---------------------------------------------------------------------------------
Start IO Insertion
---------------------------------------------------------------------------------
---------------------------------------------------------------------------------
Start Flattening Before IO Insertion
---------------------------------------------------------------------------------
---------------------------------------------------------------------------------
Finished Flattening Before IO Insertion
---------------------------------------------------------------------------------
---------------------------------------------------------------------------------
Start Final Netlist Cleanup
---------------------------------------------------------------------------------
---------------------------------------------------------------------------------
Finished Final Netlist Cleanup
---------------------------------------------------------------------------------
---------------------------------------------------------------------------------
Finished IO Insertion : Time (s): cpu = 00:00:36 ; elapsed = 00:01:01 . Memory (MB): peak = 1660.680 ; gain = 730.766
---------------------------------------------------------------------------------
---------------------------------------------------------------------------------
Start Renaming Generated Instances
---------------------------------------------------------------------------------
---------------------------------------------------------------------------------
Finished Renaming Generated Instances : Time (s): cpu = 00:00:36 ; elapsed = 00:01:01 . Memory (MB): peak = 1660.680 ; gain = 730.766
---------------------------------------------------------------------------------
---------------------------------------------------------------------------------
Start Rebuilding User Hierarchy
---------------------------------------------------------------------------------
---------------------------------------------------------------------------------
Finished Rebuilding User Hierarchy : Time (s): cpu = 00:00:36 ; elapsed = 00:01:02 . Memory (MB): peak = 1660.680 ; gain = 730.766
---------------------------------------------------------------------------------
---------------------------------------------------------------------------------
Start Renaming Generated Ports
---------------------------------------------------------------------------------
---------------------------------------------------------------------------------
Finished Renaming Generated Ports : Time (s): cpu = 00:00:37 ; elapsed = 00:01:02 . Memory (MB): peak = 1660.680 ; gain = 730.766
---------------------------------------------------------------------------------
---------------------------------------------------------------------------------
Start Handling Custom Attributes
---------------------------------------------------------------------------------
---------------------------------------------------------------------------------
Finished Handling Custom Attributes : Time (s): cpu = 00:00:37 ; elapsed = 00:01:02 . Memory (MB): peak = 1660.680 ; gain = 730.766
---------------------------------------------------------------------------------
---------------------------------------------------------------------------------
Start Renaming Generated Nets
---------------------------------------------------------------------------------
---------------------------------------------------------------------------------
Finished Renaming Generated Nets : Time (s): cpu = 00:00:37 ; elapsed = 00:01:02 . Memory (MB): peak = 1660.680 ; gain = 730.766
---------------------------------------------------------------------------------
---------------------------------------------------------------------------------
Start Writing Synthesis Report
---------------------------------------------------------------------------------

Report BlackBoxes: 
+-+--------------+----------+
| |BlackBox name |Instances |
+-+--------------+----------+
+-+--------------+----------+

Report Cell Usage: 
+------+-------+------+
|      |Cell   |Count |
+------+-------+------+
|1     |BUFG   |     2|
|2     |CARRY4 |    10|
|3     |LUT1   |     1|
|4     |LUT2   |    20|
|5     |LUT3   |  1072|
|6     |LUT4   |   117|
|7     |LUT5   |   244|
|8     |LUT6   |  3249|
|9     |MUXF7  |  1342|
|10    |MUXF8  |   544|
|11    |FDRE   |  3080|
|12    |LD     |   117|
|13    |LDC    |     7|
|14    |LDCP   |     3|
|15    |IBUF   |     1|
|16    |OBUF   |    16|
+------+-------+------+
---------------------------------------------------------------------------------
Finished Writing Synthesis Report : Time (s): cpu = 00:00:37 ; elapsed = 00:01:02 . Memory (MB): peak = 1660.680 ; gain = 730.766
---------------------------------------------------------------------------------
Synthesis finished with 0 errors, 0 critical warnings and 13 warnings.
Synthesis Optimization Runtime : Time (s): cpu = 00:00:28 ; elapsed = 00:00:58 . Memory (MB): peak = 1660.680 ; gain = 636.828
Synthesis Optimization Complete : Time (s): cpu = 00:00:37 ; elapsed = 00:01:02 . Memory (MB): peak = 1660.680 ; gain = 730.766
INFO: [Project 1-571] Translating synthesized netlist
Netlist sorting complete. Time (s): cpu = 00:00:01 ; elapsed = 00:00:00.208 . Memory (MB): peak = 1660.680 ; gain = 0.000
INFO: [Netlist 29-17] Analyzing 2023 Unisim elements for replacement
INFO: [Netlist 29-28] Unisim Transformation completed in 0 CPU seconds
INFO: [Project 1-570] Preparing netlist for logic optimization
INFO: [Opt 31-138] Pushed 1 inverter(s) to 96 load pin(s).
Netlist sorting complete. Time (s): cpu = 00:00:00 ; elapsed = 00:00:00.008 . Memory (MB): peak = 1660.680 ; gain = 0.000
INFO: [Project 1-111] Unisim Transformation Summary:
  A total of 127 instances were transformed.
  LD => LDCE: 21 instances
  LD => LDCE (inverted pins: G): 96 instances
  LDC => LDCE: 7 instances
  LDCP => LDCP (GND, LDCE, LUT3(x2), VCC): 3 instances

Synth Design complete | Checksum: 5310da9d
INFO: [Common 17-83] Releasing license: Synthesis
46 Infos, 25 Warnings, 1 Critical Warnings and 0 Errors encountered.
synth_design completed successfully
synth_design: Time (s): cpu = 00:00:44 ; elapsed = 00:01:14 . Memory (MB): peak = 1660.680 ; gain = 1126.660
INFO: [runtcl-6] Synthesis results are not added to the cache due to CRITICAL_WARNING
Write ShapeDB Complete: Time (s): cpu = 00:00:00 ; elapsed = 00:00:00.037 . Memory (MB): peak = 1660.680 ; gain = 0.000
INFO: [Common 17-1381] The checkpoint 'C:/Users/gahym/EE4301_Labs/lab05/lab05.runs/synth_1/Lab05_Top.dcp' has been generated.
INFO: [Vivado 12-24828] Executing command : report_utilization -file Lab05_Top_utilization_synth.rpt -pb Lab05_Top_utilization_synth.pb
INFO: [Common 17-206] Exiting Vivado at Mon Nov 18 10:28:27 2024...
